2025-11-09T19:37:36.727326 repo=depolymerization event=repository.updated data=nil
2025-11-09T19:37:36.727324 repo=taler-go event=repository.updated data=nil
2025-11-09T19:37:36.727336 repo=anastasis event=repository.updated data=nil
2025-11-09T19:37:36.727338 repo=taler-android event=repository.updated data=nil
2025-11-09T19:37:36.727333 repo=taler-lectures event=repository.updated data=nil
2025-11-09T19:37:36.727330 repo=taler-deployment event=repository.updated data=nil
2025-11-09T19:37:36.727341 repo=taler-typescript-core event=repository.updated data=nil
2025-11-09T19:37:36.766484 repo=taler-android event=repository.updated data=nil
2025-11-09T19:37:36.766471 repo=taler-go event=repository.updated data=nil
2025-11-09T19:37:36.766485 repo=anastasis event=repository.updated data=nil
2025-11-09T19:37:36.766471 repo=taler-deployment event=repository.updated data=nil
2025-11-09T19:37:36.766471 repo=depolymerization event=repository.updated data=nil
2025-11-09T19:37:36.766493 repo=taler-typescript-core event=repository.updated data=nil
2025-11-09T19:37:36.766471 repo=taler-lectures event=repository.updated data=nil
2025-11-09T19:37:36.766569 repo=taler-go event=repository.git.command.requested data=*command.GitCommandRequest
2025-11-09T19:37:36.766575 repo=depolymerization event=repository.git.command.requested data=*command.GitCommandRequest
2025-11-09T19:37:36.766574 repo=taler-typescript-core event=repository.git.command.requested data=*command.GitCommandRequest
2025-11-09T19:37:36.766575 repo=taler-lectures event=repository.git.command.requested data=*command.GitCommandRequest
2025-11-09T19:37:36.766580 repo=taler-android event=repository.git.command.requested data=*command.GitCommandRequest
2025-11-09T19:37:36.766584 repo=anastasis event=repository.git.command.requested data=*command.GitCommandRequest
2025-11-09T19:37:36.766589 repo=taler-deployment event=repository.git.command.requested data=*command.GitCommandRequest
2025-11-09T19:37:36.766592 repo=taler-go event=repository.updated data=nil
2025-11-09T19:37:37.355950 repo=taler-go event=repository.evaluation.requested data={"Operation":"refresh","Err":null,"Message":"fetching..","SuppressSuccess":false,"RecoverableOverride":null}
2025-11-09T19:37:37.393565 repo=taler-go event=repository.updated data=nil
2025-11-09T19:37:37.393568 repo=taler-go event=repository.refresh.requested data=nil
2025-11-09T19:37:37.393573 repo=depolymerization event=repository.updated data=nil
2025-11-09T19:37:38.152438 repo=taler-go event=repository.updated data=nil
2025-11-09T19:37:38.366565 repo=depolymerization event=repository.updated data=nil
2025-11-09T19:37:38.462870 repo=anastasis event=repository.updated data=nil
2025-11-09T19:37:38.662604 repo=taler-lectures event=repository.updated data=nil
2025-11-09T19:37:38.805955 repo=taler-deployment event=repository.updated data=nil
2025-11-09T19:37:38.878356 repo=taler-android event=repository.updated data=nil
2025-11-09T19:37:39.031652 repo=exchange event=repository.updated data=nil
2025-11-09T19:37:39.122676 repo=depolymerization event=repository.evaluation.requested data={"Operation":"refresh","Err":null,"Message":"fetching..","SuppressSuccess":false,"RecoverableOverride":null}
2025-11-09T19:37:39.156637 repo=depolymerization event=repository.updated data=nil
2025-11-09T19:37:39.156649 repo=depolymerization event=repository.refresh.requested data=nil
2025-11-09T19:37:39.156654 repo=taler-deployment event=repository.updated data=nil
2025-11-09T19:37:39.593595 repo=taler-go event=repository.updated data=nil
2025-11-09T19:37:39.593601 repo=taler-go event=repository.refresh.requested data=nil
2025-11-09T19:37:39.593614 repo=taler-go event=repository.evaluation.requested data={"Operation":"fetch","Err":null,"Message":"a295b13..a295b13 already up-to-date","SuppressSuccess":false,"RecoverableOverride":null}
2025-11-09T19:37:39.902408 repo=depolymerization event=repository.updated data=nil
2025-11-09T19:37:39.902412 repo=depolymerization event=repository.refresh.requested data=nil
2025-11-09T19:37:39.902420 repo=depolymerization event=repository.evaluation.requested data={"Operation":"fetch","Err":null,"Message":"6f230a7..6f230a7 already up-to-date","SuppressSuccess":false,"RecoverableOverride":null}
2025-11-09T19:37:39.983981 repo=exchange event=repository.updated data=nil
2025-11-09T19:37:40.043012 repo=exchange event=repository.updated data=nil
2025-11-09T19:37:40.043019 repo=exchange event=repository.refresh.requested data=nil
2025-11-09T19:37:40.043029 repo=exchange event=repository.updated data=nil
2025-11-09T19:37:40.074468 repo=anastasis event=repository.updated data=nil
2025-11-09T19:37:40.074472 repo=anastasis event=repository.refresh.requested data=nil
2025-11-09T19:37:40.074496 repo=anastasis event=repository.evaluation.requested data={"Operation":"fetch","Err":null,"Message":"576cd2a..576cd2a already up-to-date","SuppressSuccess":false,"RecoverableOverride":null}
2025-11-09T19:37:40.411331 repo=taler-lectures event=repository.updated data=nil
2025-11-09T19:37:40.411341 repo=taler-lectures event=repository.refresh.requested data=nil
2025-11-09T19:37:40.411348 repo=taler-lectures event=repository.evaluation.requested data={"Operation":"fetch","Err":null,"Message":"f4b41f2..f4b41f2 already up-to-date","SuppressSuccess":false,"RecoverableOverride":null}
2025-11-09T19:37:40.493197 repo=taler-deployment event=repository.updated data=nil
2025-11-09T19:37:40.493202 repo=taler-deployment event=repository.refresh.requested data=nil
2025-11-09T19:37:40.493212 repo=taler-deployment event=repository.evaluation.requested data={"Operation":"fetch","Err":null,"Message":"4216903..4216903 already up-to-date","SuppressSuccess":false,"RecoverableOverride":null}
2025-11-09T19:37:40.613275 repo=taler-android event=repository.updated data=nil
2025-11-09T19:37:40.613280 repo=taler-android event=repository.refresh.requested data=nil
2025-11-09T19:37:40.613286 repo=taler-android event=repository.evaluation.requested data={"Operation":"fetch","Err":null,"Message":"b993630..b993630 already up-to-date","SuppressSuccess":false,"RecoverableOverride":null}
2025-11-09T19:37:40.749239 repo=taler-deployment event=repository.evaluation.requested data={"Operation":"refresh","Err":null,"Message":"4216903..4216903 already up-to-date","SuppressSuccess":false,"RecoverableOverride":null}
2025-11-09T19:37:40.791059 repo=taler-deployment event=repository.updated data=nil
2025-11-09T19:37:40.791065 repo=taler-deployment event=repository.refresh.requested data=nil
2025-11-09T19:37:40.791069 repo=taler-lectures event=repository.updated data=nil
2025-11-09T19:37:41.050181 repo=exchange event=repository.evaluation.requested data={"Operation":"refresh","Err":null,"Message":"","SuppressSuccess":false,"RecoverableOverride":null}
2025-11-09T19:37:41.467568 repo=taler-lectures event=repository.evaluation.requested data={"Operation":"refresh","Err":null,"Message":"f4b41f2..f4b41f2 already up-to-date","SuppressSuccess":false,"RecoverableOverride":null}
2025-11-09T19:37:41.502182 repo=taler-lectures event=repository.updated data=nil
2025-11-09T19:37:41.502186 repo=taler-lectures event=repository.refresh.requested data=nil
2025-11-09T19:37:41.502189 repo=anastasis event=repository.updated data=nil
2025-11-09T19:37:41.590900 repo=taler-typescript-core event=repository.updated data=nil
2025-11-09T19:37:42.066728 repo=anastasis event=repository.evaluation.requested data={"Operation":"refresh","Err":null,"Message":"576cd2a..576cd2a already up-to-date","SuppressSuccess":false,"RecoverableOverride":null}
2025-11-09T19:37:42.122915 repo=anastasis event=repository.updated data=nil
2025-11-09T19:37:42.122918 repo=anastasis event=repository.refresh.requested data=nil
2025-11-09T19:37:42.122923 repo=taler-android event=repository.updated data=nil
2025-11-09T19:37:42.603791 repo=taler-typescript-core event=repository.updated data=nil
2025-11-09T19:37:42.603798 repo=taler-typescript-core event=repository.refresh.requested data=nil
2025-11-09T19:37:42.603810 repo=taler-typescript-core event=repository.evaluation.requested data={"Operation":"fetch","Err":null,"Message":"fa73733..fa73733 already up-to-date","SuppressSuccess":false,"RecoverableOverride":null}
2025-11-09T19:37:42.787660 repo=taler-android event=repository.evaluation.requested data={"Operation":"refresh","Err":null,"Message":"b993630..b993630 already up-to-date","SuppressSuccess":false,"RecoverableOverride":null}
2025-11-09T19:37:42.845282 repo=taler-android event=repository.updated data=nil
2025-11-09T19:37:42.845289 repo=taler-android event=repository.refresh.requested data=nil
2025-11-09T19:37:42.845293 repo=taler-typescript-core event=repository.updated data=nil
